<?xml version="1.0" encoding="UTF-8" ?>
<testsuite tests="6" failures="0" name="com.sancheck.mybatis.test.StudentMapperTest" time="0.99" errors="0" skipped="0">
  <properties>
[...]
</properties>
  <testcase classname="com.sancheck.mybatis.test.StudentMapperTest" name="testSelectByName" time="0.958"/>
  <testcase classname="com.sancheck.mybatis.test.StudentMapperTest" name="testSelectByBirth" time="0.01"/>
  <testcase classname="com.sancheck.mybatis.test.StudentMapperTest" name="testSelectBySex" time="0.005"/>
  <testcase classname="com.sancheck.mybatis.test.StudentMapperTest" name="testSelectByNameAndSex2" time="0.006"/>
  <testcase classname="com.sancheck.mybatis.test.StudentMapperTest" name="testSelectByNameAndSex" time="0.006"/>
  <testcase classname="com.sancheck.mybatis.test.StudentMapperTest" name="testSelectById" time="0.005"/>
</testsuite>